d:\code\battlecity\battlecity_c++\debug\vc140.pdb
d:\code\battlecity\battlecity_c++\debug\vc140.idb
d:\code\battlecity\battlecity_c++\debug\baseobject.obj
d:\code\battlecity\battlecity_c++\debug\bulletobject.obj
d:\code\battlecity\battlecity_c++\debug\drawobject.obj
d:\code\battlecity\battlecity_c++\debug\gameobject.obj
d:\code\battlecity\battlecity_c++\debug\main.obj
d:\code\battlecity\battlecity_c++\debug\mapobject.obj
d:\code\battlecity\battlecity_c++\debug\tankobject.obj
d:\code\battlecity\battlecity\debug\battlecity_c++.ilk
d:\code\battlecity\battlecity\debug\battlecity_c++.exe
d:\code\battlecity\battlecity\debug\battlecity_c++.pdb
d:\code\battlecity\battlecity_c++\debug\bulletobject.obj.enc
d:\code\battlecity\battlecity_c++\debug\drawobject.obj.enc
d:\code\battlecity\battlecity_c++\debug\gameobject.obj.enc
d:\code\battlecity\battlecity_c++\debug\main.obj.enc
d:\code\battlecity\battlecity_c++\debug\mapobject.obj.enc
d:\code\battlecity\battlecity_c++\debug\tankobject.obj.enc
d:\code\battlecity\battlecity_c++\debug\battlecity_c++.tlog\cl.command.1.tlog
d:\code\battlecity\battlecity_c++\debug\battlecity_c++.tlog\cl.read.1.tlog
d:\code\battlecity\battlecity_c++\debug\battlecity_c++.tlog\cl.write.1.tlog
d:\code\battlecity\battlecity_c++\debug\battlecity_c++.tlog\link.command.1.tlog
d:\code\battlecity\battlecity_c++\debug\battlecity_c++.tlog\link.read.1.tlog
d:\code\battlecity\battlecity_c++\debug\battlecity_c++.tlog\link.write.1.tlog
